<?xml version="1.0" encoding="UTF-8"?>
<!-- Generated by org.testng.reporters.JUnitXMLReporter -->
<testsuite ignored="0" hostname="KotiUpendra" failures="1" tests="1" name="Test1" time="49.78" errors="0" timestamp="2024-11-06T11:39:26 IST">
  <testcase classname="genericUtility.BaseClass" name="@AfterMethod logOutOperation" time="3.336">
    <failure type="org.openqa.selenium.ElementClickInterceptedException" message="element click intercepted: Element &amp;lt;a href=&amp;quot;index.php?module=Users&amp;amp;amp;action=Logout&amp;quot; class=&amp;quot;drop_down_usersettings&amp;quot;&amp;gt;...&amp;lt;/a&amp;gt; is not clickable at point (43, 12). Other element would receive the click: &amp;lt;img src=&amp;quot;test/logo/vtiger-crm-logo.gif&amp;quot; alt=&amp;quot;vtiger-crm-logo.gif&amp;quot; title=&amp;quot;vtiger-crm-logo.gif&amp;quot; border=&amp;quot;0&amp;quot; style=&amp;quot;width: 15em;height: 4.2em;&amp;quot;&amp;gt;
  (Session info: chrome=130.0.6723.92)
Build info: version: &amp;apos;4.18.1&amp;apos;, revision: &amp;apos;b1d3319b48&amp;apos;
System info: os.name: &amp;apos;Windows 11&amp;apos;, os.arch: &amp;apos;amd64&amp;apos;, os.version: &amp;apos;10.0&amp;apos;, java.version: &amp;apos;17.0.10&amp;apos;
Driver info: org.openqa.selenium.chrome.ChromeDriver
Command: [059b7e7c1db28232b006c58c89d8d58f, clickElement {id=f.3810D0926ADF6BECF5761E7FEB98C841.d.0F41CAF1D272EB49EDD294DB50E4E3E0.e.402}]
Capabilities {acceptInsecureCerts: false, browserName: chrome, browserVersion: 130.0.6723.92, chrome: {chromedriverVersion: 130.0.6723.93 (dbcf0550c05e..., userDataDir: C:\Users\kotiu\AppData\Loca...}, fedcm:accounts: true, goog:chromeOptions: {debuggerAddress: localhost:54581}, networkConnectionEnabled: false, pageLoadStrategy: normal, platformName: windows, proxy: Proxy(), se:cdp: ws://localhost:54581/devtoo..., se:cdpVersion: 130.0.6723.92, setWindowRect: true, strictFileInteractability: false, timeouts: {implicit: 0, pageLoad: 300000, script: 30000}, unhandledPromptBehavior: dismiss and notify, webauthn:extension:credBlob: true, webauthn:extension:largeBlob: true, webauthn:extension:minPinLength: true, webauthn:extension:prf: true, webauthn:virtualAuthenticators: true}
Element: [[ChromeDriver: chrome on windows (059b7e7c1db28232b006c58c89d8d58f)] -&amp;gt; xpath: //a[text()=&amp;apos;Sign Out&amp;apos;]]
Session ID: 059b7e7c1db28232b006c58c89d8d58f">
      <![CDATA[org.openqa.selenium.ElementClickInterceptedException: element click intercepted: Element <a href="index.php?module=Users&amp;action=Logout" class="drop_down_usersettings">...</a> is not clickable at point (43, 12). Other element would receive the click: <img src="test/logo/vtiger-crm-logo.gif" alt="vtiger-crm-logo.gif" title="vtiger-crm-logo.gif" border="0" style="width: 15em;height: 4.2em;">
  (Session info: chrome=130.0.6723.92)
Build info: version: '4.18.1', revision: 'b1d3319b48'
System info: os.name: 'Windows 11', os.arch: 'amd64', os.version: '10.0', java.version: '17.0.10'
Driver info: org.openqa.selenium.chrome.ChromeDriver
Command: [059b7e7c1db28232b006c58c89d8d58f, clickElement {id=f.3810D0926ADF6BECF5761E7FEB98C841.d.0F41CAF1D272EB49EDD294DB50E4E3E0.e.402}]
Capabilities {acceptInsecureCerts: false, browserName: chrome, browserVersion: 130.0.6723.92, chrome: {chromedriverVersion: 130.0.6723.93 (dbcf0550c05e..., userDataDir: C:\Users\kotiu\AppData\Loca...}, fedcm:accounts: true, goog:chromeOptions: {debuggerAddress: localhost:54581}, networkConnectionEnabled: false, pageLoadStrategy: normal, platformName: windows, proxy: Proxy(), se:cdp: ws://localhost:54581/devtoo..., se:cdpVersion: 130.0.6723.92, setWindowRect: true, strictFileInteractability: false, timeouts: {implicit: 0, pageLoad: 300000, script: 30000}, unhandledPromptBehavior: dismiss and notify, webauthn:extension:credBlob: true, webauthn:extension:largeBlob: true, webauthn:extension:minPinLength: true, webauthn:extension:prf: true, webauthn:virtualAuthenticators: true}
Element: [[ChromeDriver: chrome on windows (059b7e7c1db28232b006c58c89d8d58f)] -> xpath: //a[text()='Sign Out']]
Session ID: 059b7e7c1db28232b006c58c89d8d58f
at org.openqa.selenium.remote.ErrorCodec.decode(ErrorCodec.java:167)
at org.openqa.selenium.remote.codec.w3c.W3CHttpResponseCodec.decode(W3CHttpResponseCodec.java:138)
at org.openqa.selenium.remote.codec.w3c.W3CHttpResponseCodec.decode(W3CHttpResponseCodec.java:50)
at org.openqa.selenium.remote.HttpCommandExecutor.execute(HttpCommandExecutor.java:190)
at org.openqa.selenium.remote.service.DriverCommandExecutor.invokeExecute(DriverCommandExecutor.java:216)
at org.openqa.selenium.remote.service.DriverCommandExecutor.execute(DriverCommandExecutor.java:174)
at org.openqa.selenium.remote.RemoteWebDriver.execute(RemoteWebDriver.java:519)
at org.openqa.selenium.remote.RemoteWebElement.execute(RemoteWebElement.java:223)
at org.openqa.selenium.remote.RemoteWebElement.click(RemoteWebElement.java:76)
at org.openqa.selenium.support.pagefactory.internal.LocatingElementHandler.invoke(LocatingElementHandler.java:51)
at jdk.proxy2/jdk.proxy2.$Proxy19.click(Unknown Source)
at PomRepository.HomePage.getsignOutOperation(HomePage.java:52)
at genericUtility.BaseClass.logOutOperation(BaseClass.java:67)
at java.base/java.util.ArrayList.forEach(ArrayList.java:1511)
... Removed 41 stack frames]]>
    </failure>
  </testcase> <!-- @AfterMethod logOutOperation -->
  <testcase classname="TC_Repo.LE_001" name="LE_01" time="8.593">
    <failure type="java.lang.NullPointerException" message="Cannot invoke &amp;quot;org.apache.poi.ss.usermodel.Sheet.getRow(int)&amp;quot; because the return value of &amp;quot;org.apache.poi.ss.usermodel.Workbook.getSheet(String)&amp;quot; is null">
      <![CDATA[java.lang.NullPointerException: Cannot invoke "org.apache.poi.ss.usermodel.Sheet.getRow(int)" because the return value of "org.apache.poi.ss.usermodel.Workbook.getSheet(String)" is null
at genericUtility.ExcelUtility.getDataFromExcel(ExcelUtility.java:29)
at TC_Repo.LE_001.LE_01(LE_001.java:20)
at java.base/java.util.ArrayList.forEach(ArrayList.java:1511)
... Removed 27 stack frames]]>
    </failure>
  </testcase> <!-- LE_01 -->
</testsuite> <!-- Test1 -->
